../../.retouch/original/test/musicxml/test-harmony.xml